This is XeTeX, Version 3.141592653-2.6-0.999997 (TeX Live 2025) (preloaded format=xelatex 2025.9.11)  27 SEP 2025 22:09
entering extended mode
 restricted \write18 enabled.
 file:line:error style messages enabled.
 %&-line parsing enabled.
**c:/Users/Harei/OneDrive/Dokumenter/Sagalob_Startbrev/main.tex
(c:/Users/Harei/OneDrive/Dokumenter/Sagalob_Startbrev/main.tex
LaTeX2e <2025-06-01> patch level 1
L3 programming layer <2025-08-13>
(c:/texlive/2025/texmf-dist/tex/latex/base/article.cls
Document Class: article 2025/01/22 v1.4n Standard LaTeX document class
(c:/texlive/2025/texmf-dist/tex/latex/base/size10.clo
File: size10.clo 2025/01/22 v1.4n Standard LaTeX file (size option)
)
\c@part=\count271
\c@section=\count272
\c@subsection=\count273
\c@subsubsection=\count274
\c@paragraph=\count275
\c@subparagraph=\count276
\c@figure=\count277
\c@table=\count278
\abovecaptionskip=\skip49
\belowcaptionskip=\skip50
\bibindent=\dimen148
) (./Preamble/preamble.tex (./Preamble/packages.tex (c:/texlive/2025/texmf-dist/tex/latex/graphics/graphicx.sty
Package: graphicx 2024/12/31 v1.2e Enhanced LaTeX Graphics (DPC,SPQR)
 (c:/texlive/2025/texmf-dist/tex/latex/graphics/keyval.sty
Package: keyval 2022/05/29 v1.15 key=value parser (DPC)
\KV@toks@=\toks17
) (c:/texlive/2025/texmf-dist/tex/latex/graphics/graphics.sty
Package: graphics 2024/08/06 v1.4g Standard LaTeX Graphics (DPC,SPQR)
 (c:/texlive/2025/texmf-dist/tex/latex/graphics/trig.sty
Package: trig 2023/12/02 v1.11 sin cos tan (DPC)
) (c:/texlive/2025/texmf-dist/tex/latex/graphics-cfg/graphics.cfg
File: graphics.cfg 2016/06/04 v1.11 sample graphics configuration
)
Package graphics Info: Driver file: xetex.def on input line 106.
 (c:/texlive/2025/texmf-dist/tex/latex/graphics-def/xetex.def
File: xetex.def 2022/09/22 v5.0n Graphics/color driver for xetex
))
\Gin@req@height=\dimen149
\Gin@req@width=\dimen150
) (c:/texlive/2025/texmf-dist/tex/latex/geometry/geometry.sty
Package: geometry 2020/01/02 v5.9 Page Geometry
 (c:/texlive/2025/texmf-dist/tex/generic/iftex/ifvtex.sty
Package: ifvtex 2019/10/25 v1.7 ifvtex legacy package. Use iftex instead.
 (c:/texlive/2025/texmf-dist/tex/generic/iftex/iftex.sty
Package: iftex 2024/12/12 v1.0g TeX engine tests
))
\Gm@cnth=\count279
\Gm@cntv=\count280
\c@Gm@tempcnt=\count281
\Gm@bindingoffset=\dimen151
\Gm@wd@mp=\dimen152
\Gm@odd@mp=\dimen153
\Gm@even@mp=\dimen154
\Gm@layoutwidth=\dimen155
\Gm@layoutheight=\dimen156
\Gm@layouthoffset=\dimen157
\Gm@layoutvoffset=\dimen158
\Gm@dimlist=\toks18
) (c:/texlive/2025/texmf-dist/tex/latex/xcolor/xcolor.sty
Package: xcolor 2024/09/29 v3.02 LaTeX color extensions (UK)
 (c:/texlive/2025/texmf-dist/tex/latex/graphics-cfg/color.cfg
File: color.cfg 2016/01/02 v1.6 sample color configuration
)
Package xcolor Info: Driver file: xetex.def on input line 274.
 (c:/texlive/2025/texmf-dist/tex/latex/graphics/mathcolor.ltx)
Package xcolor Info: Model `cmy' substituted by `cmy0' on input line 1349.
Package xcolor Info: Model `RGB' extended on input line 1365.
Package xcolor Info: Model `HTML' substituted by `rgb' on input line 1367.
Package xcolor Info: Model `Hsb' substituted by `hsb' on input line 1368.
Package xcolor Info: Model `tHsb' substituted by `hsb' on input line 1369.
Package xcolor Info: Model `HSB' substituted by `hsb' on input line 1370.
Package xcolor Info: Model `Gray' substituted by `gray' on input line 1371.
Package xcolor Info: Model `wave' substituted by `hsb' on input line 1372.
) (c:/texlive/2025/texmf-dist/tex/latex/fancyhdr/fancyhdr.sty
Package: fancyhdr 2025/02/07 v5.2 Extensive control of page headers and footers
\f@nch@headwidth=\skip51
\f@nch@offset@elh=\skip52
\f@nch@offset@erh=\skip53
\f@nch@offset@olh=\skip54
\f@nch@offset@orh=\skip55
\f@nch@offset@elf=\skip56
\f@nch@offset@erf=\skip57
\f@nch@offset@olf=\skip58
\f@nch@offset@orf=\skip59
\f@nch@height=\skip60
\f@nch@footalignment=\skip61
\f@nch@widthL=\skip62
\f@nch@widthC=\skip63
\f@nch@widthR=\skip64
\@temptokenb=\toks19
) (c:/texlive/2025/texmf-dist/tex/latex/pgf/frontendlayer/tikz.sty (c:/texlive/2025/texmf-dist/tex/latex/pgf/basiclayer/pgf.sty (c:/texlive/2025/texmf-dist/tex/latex/pgf/utilities/pgfrcs.sty (c:/texlive/2025/texmf-dist/tex/generic/pgf/utilities/pgfutil-common.tex
\pgfutil@everybye=\toks20
\pgfutil@tempdima=\dimen159
\pgfutil@tempdimb=\dimen160
) (c:/texlive/2025/texmf-dist/tex/generic/pgf/utilities/pgfutil-latex.def
\pgfutil@abb=\box53
) (c:/texlive/2025/texmf-dist/tex/generic/pgf/utilities/pgfrcs.code.tex (c:/texlive/2025/texmf-dist/tex/generic/pgf/pgf.revision.tex)
Package: pgfrcs 2025-08-29 v3.1.11a (3.1.11a)
))
Package: pgf 2025-08-29 v3.1.11a (3.1.11a)
 (c:/texlive/2025/texmf-dist/tex/latex/pgf/basiclayer/pgfcore.sty (c:/texlive/2025/texmf-dist/tex/latex/pgf/systemlayer/pgfsys.sty (c:/texlive/2025/texmf-dist/tex/generic/pgf/systemlayer/pgfsys.code.tex
Package: pgfsys 2025-08-29 v3.1.11a (3.1.11a)
 (c:/texlive/2025/texmf-dist/tex/generic/pgf/utilities/pgfkeys.code.tex
\pgfkeys@pathtoks=\toks21
\pgfkeys@temptoks=\toks22
 (c:/texlive/2025/texmf-dist/tex/generic/pgf/utilities/pgfkeyslibraryfiltered.code.tex
\pgfkeys@tmptoks=\toks23
))
\pgf@x=\dimen161
\pgf@y=\dimen162
\pgf@xa=\dimen163
\pgf@ya=\dimen164
\pgf@xb=\dimen165
\pgf@yb=\dimen166
\pgf@xc=\dimen167
\pgf@yc=\dimen168
\pgf@xd=\dimen169
\pgf@yd=\dimen170
\w@pgf@writea=\write3
\r@pgf@reada=\read2
\c@pgf@counta=\count282
\c@pgf@countb=\count283
\c@pgf@countc=\count284
\c@pgf@countd=\count285
\t@pgf@toka=\toks24
\t@pgf@tokb=\toks25
\t@pgf@tokc=\toks26
\pgf@sys@id@count=\count286
 (c:/texlive/2025/texmf-dist/tex/generic/pgf/systemlayer/pgf.cfg
File: pgf.cfg 2025-08-29 v3.1.11a (3.1.11a)
)
Driver file for pgf: pgfsys-xetex.def
 (c:/texlive/2025/texmf-dist/tex/generic/pgf/systemlayer/pgfsys-xetex.def
File: pgfsys-xetex.def 2025-08-29 v3.1.11a (3.1.11a)
 (c:/texlive/2025/texmf-dist/tex/generic/pgf/systemlayer/pgfsys-dvipdfmx.def
File: pgfsys-dvipdfmx.def 2025-08-29 v3.1.11a (3.1.11a)
 (c:/texlive/2025/texmf-dist/tex/generic/pgf/systemlayer/pgfsys-common-pdf.def
File: pgfsys-common-pdf.def 2025-08-29 v3.1.11a (3.1.11a)
)
\pgfsys@objnum=\count287
))) (c:/texlive/2025/texmf-dist/tex/generic/pgf/systemlayer/pgfsyssoftpath.code.tex
File: pgfsyssoftpath.code.tex 2025-08-29 v3.1.11a (3.1.11a)
\pgfsyssoftpath@smallbuffer@items=\count288
\pgfsyssoftpath@bigbuffer@items=\count289
) (c:/texlive/2025/texmf-dist/tex/generic/pgf/systemlayer/pgfsysprotocol.code.tex
File: pgfsysprotocol.code.tex 2025-08-29 v3.1.11a (3.1.11a)
)) (c:/texlive/2025/texmf-dist/tex/generic/pgf/basiclayer/pgfcore.code.tex
Package: pgfcore 2025-08-29 v3.1.11a (3.1.11a)
 (c:/texlive/2025/texmf-dist/tex/generic/pgf/math/pgfmath.code.tex (c:/texlive/2025/texmf-dist/tex/generic/pgf/math/pgfmathutil.code.tex) (c:/texlive/2025/texmf-dist/tex/generic/pgf/math/pgfmathparser.code.tex
\pgfmath@dimen=\dimen171
\pgfmath@count=\count290
\pgfmath@box=\box54
\pgfmath@toks=\toks27
\pgfmath@stack@operand=\toks28
\pgfmath@stack@operation=\toks29
) (c:/texlive/2025/texmf-dist/tex/generic/pgf/math/pgfmathfunctions.code.tex) (c:/texlive/2025/texmf-dist/tex/generic/pgf/math/pgfmathfunctions.basic.code.tex) (c:/texlive/2025/texmf-dist/tex/generic/pgf/math/pgfmathfunctions.trigonometric.code.tex) (c:/texlive/2025/texmf-dist/tex/generic/pgf/math/pgfmathfunctions.random.code.tex) (c:/texlive/2025/texmf-dist/tex/generic/pgf/math/pgfmathfunctions.comparison.code.tex) (c:/texlive/2025/texmf-dist/tex/generic/pgf/math/pgfmathfunctions.base.code.tex) (c:/texlive/2025/texmf-dist/tex/generic/pgf/math/pgfmathfunctions.round.code.tex) (c:/texlive/2025/texmf-dist/tex/generic/pgf/math/pgfmathfunctions.misc.code.tex) (c:/texlive/2025/texmf-dist/tex/generic/pgf/math/pgfmathfunctions.integerarithmetics.code.tex) (c:/texlive/2025/texmf-dist/tex/generic/pgf/math/pgfmathcalc.code.tex) (c:/texlive/2025/texmf-dist/tex/generic/pgf/math/pgfmathfloat.code.tex
\c@pgfmathroundto@lastzeros=\count291
)) (c:/texlive/2025/texmf-dist/tex/generic/pgf/math/pgfint.code.tex) (c:/texlive/2025/texmf-dist/tex/generic/pgf/basiclayer/pgfcorepoints.code.tex
File: pgfcorepoints.code.tex 2025-08-29 v3.1.11a (3.1.11a)
\pgf@picminx=\dimen172
\pgf@picmaxx=\dimen173
\pgf@picminy=\dimen174
\pgf@picmaxy=\dimen175
\pgf@pathminx=\dimen176
\pgf@pathmaxx=\dimen177
\pgf@pathminy=\dimen178
\pgf@pathmaxy=\dimen179
\pgf@xx=\dimen180
\pgf@xy=\dimen181
\pgf@yx=\dimen182
\pgf@yy=\dimen183
\pgf@zx=\dimen184
\pgf@zy=\dimen185
) (c:/texlive/2025/texmf-dist/tex/generic/pgf/basiclayer/pgfcorepathconstruct.code.tex
File: pgfcorepathconstruct.code.tex 2025-08-29 v3.1.11a (3.1.11a)
\pgf@path@lastx=\dimen186
\pgf@path@lasty=\dimen187
) (c:/texlive/2025/texmf-dist/tex/generic/pgf/basiclayer/pgfcorepathusage.code.tex
File: pgfcorepathusage.code.tex 2025-08-29 v3.1.11a (3.1.11a)
\pgf@shorten@end@additional=\dimen188
\pgf@shorten@start@additional=\dimen189
) (c:/texlive/2025/texmf-dist/tex/generic/pgf/basiclayer/pgfcorescopes.code.tex
File: pgfcorescopes.code.tex 2025-08-29 v3.1.11a (3.1.11a)
\pgfpic=\box55
\pgf@hbox=\box56
\pgf@layerbox@main=\box57
\pgf@picture@serial@count=\count292
) (c:/texlive/2025/texmf-dist/tex/generic/pgf/basiclayer/pgfcoregraphicstate.code.tex
File: pgfcoregraphicstate.code.tex 2025-08-29 v3.1.11a (3.1.11a)
\pgflinewidth=\dimen190
) (c:/texlive/2025/texmf-dist/tex/generic/pgf/basiclayer/pgfcoretransformations.code.tex
File: pgfcoretransformations.code.tex 2025-08-29 v3.1.11a (3.1.11a)
\pgf@pt@x=\dimen191
\pgf@pt@y=\dimen192
\pgf@pt@temp=\dimen193
) (c:/texlive/2025/texmf-dist/tex/generic/pgf/basiclayer/pgfcorequick.code.tex
File: pgfcorequick.code.tex 2025-08-29 v3.1.11a (3.1.11a)
) (c:/texlive/2025/texmf-dist/tex/generic/pgf/basiclayer/pgfcoreobjects.code.tex
File: pgfcoreobjects.code.tex 2025-08-29 v3.1.11a (3.1.11a)
) (c:/texlive/2025/texmf-dist/tex/generic/pgf/basiclayer/pgfcorepathprocessing.code.tex
File: pgfcorepathprocessing.code.tex 2025-08-29 v3.1.11a (3.1.11a)
) (c:/texlive/2025/texmf-dist/tex/generic/pgf/basiclayer/pgfcorearrows.code.tex
File: pgfcorearrows.code.tex 2025-08-29 v3.1.11a (3.1.11a)
\pgfarrowsep=\dimen194
) (c:/texlive/2025/texmf-dist/tex/generic/pgf/basiclayer/pgfcoreshade.code.tex
File: pgfcoreshade.code.tex 2025-08-29 v3.1.11a (3.1.11a)
\pgf@max=\dimen195
\pgf@sys@shading@range@num=\count293
\pgf@shadingcount=\count294
) (c:/texlive/2025/texmf-dist/tex/generic/pgf/basiclayer/pgfcoreimage.code.tex
File: pgfcoreimage.code.tex 2025-08-29 v3.1.11a (3.1.11a)
) (c:/texlive/2025/texmf-dist/tex/generic/pgf/basiclayer/pgfcoreexternal.code.tex
File: pgfcoreexternal.code.tex 2025-08-29 v3.1.11a (3.1.11a)
\pgfexternal@startupbox=\box58
) (c:/texlive/2025/texmf-dist/tex/generic/pgf/basiclayer/pgfcorelayers.code.tex
File: pgfcorelayers.code.tex 2025-08-29 v3.1.11a (3.1.11a)
) (c:/texlive/2025/texmf-dist/tex/generic/pgf/basiclayer/pgfcoretransparency.code.tex
File: pgfcoretransparency.code.tex 2025-08-29 v3.1.11a (3.1.11a)
) (c:/texlive/2025/texmf-dist/tex/generic/pgf/basiclayer/pgfcorepatterns.code.tex
File: pgfcorepatterns.code.tex 2025-08-29 v3.1.11a (3.1.11a)
) (c:/texlive/2025/texmf-dist/tex/generic/pgf/basiclayer/pgfcorerdf.code.tex
File: pgfcorerdf.code.tex 2025-08-29 v3.1.11a (3.1.11a)
))) (c:/texlive/2025/texmf-dist/tex/generic/pgf/modules/pgfmoduleshapes.code.tex
File: pgfmoduleshapes.code.tex 2025-08-29 v3.1.11a (3.1.11a)
\pgfnodeparttextbox=\box59
) (c:/texlive/2025/texmf-dist/tex/generic/pgf/modules/pgfmoduleplot.code.tex
File: pgfmoduleplot.code.tex 2025-08-29 v3.1.11a (3.1.11a)
) (c:/texlive/2025/texmf-dist/tex/latex/pgf/compatibility/pgfcomp-version-0-65.sty
Package: pgfcomp-version-0-65 2025-08-29 v3.1.11a (3.1.11a)
\pgf@nodesepstart=\dimen196
\pgf@nodesepend=\dimen197
) (c:/texlive/2025/texmf-dist/tex/latex/pgf/compatibility/pgfcomp-version-1-18.sty
Package: pgfcomp-version-1-18 2025-08-29 v3.1.11a (3.1.11a)
)) (c:/texlive/2025/texmf-dist/tex/latex/pgf/utilities/pgffor.sty (c:/texlive/2025/texmf-dist/tex/latex/pgf/utilities/pgfkeys.sty (c:/texlive/2025/texmf-dist/tex/generic/pgf/utilities/pgfkeys.code.tex)) (c:/texlive/2025/texmf-dist/tex/latex/pgf/math/pgfmath.sty (c:/texlive/2025/texmf-dist/tex/generic/pgf/math/pgfmath.code.tex)) (c:/texlive/2025/texmf-dist/tex/generic/pgf/utilities/pgffor.code.tex
Package: pgffor 2025-08-29 v3.1.11a (3.1.11a)
\pgffor@iter=\dimen198
\pgffor@skip=\dimen199
\pgffor@stack=\toks30
\pgffor@toks=\toks31
)) (c:/texlive/2025/texmf-dist/tex/generic/pgf/frontendlayer/tikz/tikz.code.tex
Package: tikz 2025-08-29 v3.1.11a (3.1.11a)
 (c:/texlive/2025/texmf-dist/tex/generic/pgf/libraries/pgflibraryplothandlers.code.tex
File: pgflibraryplothandlers.code.tex 2025-08-29 v3.1.11a (3.1.11a)
\pgf@plot@mark@count=\count295
\pgfplotmarksize=\dimen256
)
\tikz@lastx=\dimen257
\tikz@lasty=\dimen258
\tikz@lastxsaved=\dimen259
\tikz@lastysaved=\dimen260
\tikz@lastmovetox=\dimen261
\tikz@lastmovetoy=\dimen262
\tikzleveldistance=\dimen263
\tikzsiblingdistance=\dimen264
\tikz@figbox=\box60
\tikz@figbox@bg=\box61
\tikz@tempbox=\box62
\tikz@tempbox@bg=\box63
\tikztreelevel=\count296
\tikznumberofchildren=\count297
\tikznumberofcurrentchild=\count298
\tikz@fig@count=\count299
 (c:/texlive/2025/texmf-dist/tex/generic/pgf/modules/pgfmodulematrix.code.tex
File: pgfmodulematrix.code.tex 2025-08-29 v3.1.11a (3.1.11a)
\pgfmatrixcurrentrow=\count300
\pgfmatrixcurrentcolumn=\count301
\pgf@matrix@numberofcolumns=\count302
)
\tikz@expandcount=\count303
 (c:/texlive/2025/texmf-dist/tex/generic/pgf/frontendlayer/tikz/libraries/tikzlibrarytopaths.code.tex
File: tikzlibrarytopaths.code.tex 2025-08-29 v3.1.11a (3.1.11a)
))) (c:/texlive/2025/texmf-dist/tex/generic/pgf/frontendlayer/tikz/libraries/tikzlibrarycalc.code.tex
File: tikzlibrarycalc.code.tex 2025-08-29 v3.1.11a (3.1.11a)
) (c:/texlive/2025/texmf-dist/tex/latex/fontspec/fontspec.sty (c:/texlive/2025/texmf-dist/tex/latex/l3packages/xparse/xparse.sty (c:/texlive/2025/texmf-dist/tex/latex/l3kernel/expl3.sty
Package: expl3 2025-08-13 L3 programming layer (loader) 
 (c:/texlive/2025/texmf-dist/tex/latex/l3backend/l3backend-xetex.def
File: l3backend-xetex.def 2025-06-09 L3 backend support: XeTeX
\g__graphics_track_int=\count304
\g__pdfannot_backend_int=\count305
\g__pdfannot_backend_link_int=\count306
))
Package: xparse 2024-08-16 L3 Experimental document command parser
)
Package: fontspec 2024/05/11 v2.9e Font selection for XeLaTeX and LuaLaTeX
 (c:/texlive/2025/texmf-dist/tex/latex/fontspec/fontspec-xetex.sty
Package: fontspec-xetex 2024/05/11 v2.9e Font selection for XeLaTeX and LuaLaTeX
\l__fontspec_script_int=\count307
\l__fontspec_language_int=\count308
\l__fontspec_strnum_int=\count309
\l__fontspec_tmp_int=\count310
\l__fontspec_tmpa_int=\count311
\l__fontspec_tmpb_int=\count312
\l__fontspec_tmpc_int=\count313
\l__fontspec_em_int=\count314
\l__fontspec_emdef_int=\count315
\l__fontspec_strong_int=\count316
\l__fontspec_strongdef_int=\count317
\l__fontspec_tmpa_dim=\dimen265
\l__fontspec_tmpb_dim=\dimen266
\l__fontspec_tmpc_dim=\dimen267
 (c:/texlive/2025/texmf-dist/tex/latex/base/fontenc.sty
Package: fontenc 2024/12/21 v2.1c Standard LaTeX package
) (c:/texlive/2025/texmf-dist/tex/latex/fontspec/fontspec.cfg)))) (c:/texlive/2025/texmf-dist/tex/latex/titlesec/titlesec.sty
Package: titlesec 2025/01/04 v2.17 Sectioning titles
\ttl@box=\box64
\beforetitleunit=\skip65
\aftertitleunit=\skip66
\ttl@plus=\dimen268
\ttl@minus=\dimen269
\ttl@toksa=\toks32
\titlewidth=\dimen270
\titlewidthlast=\dimen271
\titlewidthfirst=\dimen272
) (./Preamble/customFonts.tex

Package fontspec Info: 
(fontspec)             Font family 'WorkSans(0)' created for font 'WorkSans'
(fontspec)             with options
(fontspec)             [Ligatures=TeX,Path=./FontFiles/WorkSansFiles/,Extension
(fontspec)             =
(fontspec)             .ttf,UprightFont=*-Regular,BoldFont=*-Bold,ItalicFont=*-Italic,BoldItalicFont=*-BoldItalic,SlantedFont=*-ExtraBold].
(fontspec)              
(fontspec)              This font family consists of the following NFSS
(fontspec)             series/shapes:
(fontspec)              
(fontspec)             - 'normal' (m/n) with NFSS spec.:
(fontspec)             <->"[./FontFiles/WorkSansFiles/WorkSans-Regular.ttf]/OT:script=latn;language=dflt;mapping=tex-text;"
(fontspec)             - 'small caps'  (m/sc) with NFSS spec.:
(fontspec)             <->"[./FontFiles/WorkSansFiles/WorkSans-Regular.ttf]/OT:script=latn;language=dflt;+smcp;mapping=tex-text;"
(fontspec)             - 'bold' (b/n) with NFSS spec.:
(fontspec)             <->"[./FontFiles/WorkSansFiles/WorkSans-Bold.ttf]/OT:script=latn;language=dflt;mapping=tex-text;"
(fontspec)             - 'bold small caps'  (b/sc) with NFSS spec.:
(fontspec)             <->"[./FontFiles/WorkSansFiles/WorkSans-Bold.ttf]/OT:script=latn;language=dflt;+smcp;mapping=tex-text;"
(fontspec)             - 'italic' (m/it) with NFSS spec.:
(fontspec)             <->"[./FontFiles/WorkSansFiles/WorkSans-Italic.ttf]/OT:script=latn;language=dflt;mapping=tex-text;"
(fontspec)             - 'italic small caps'  (m/scit) with NFSS spec.:
(fontspec)             <->"[./FontFiles/WorkSansFiles/WorkSans-Italic.ttf]/OT:script=latn;language=dflt;+smcp;mapping=tex-text;"
(fontspec)             - 'slanted' (m/sl) with NFSS spec.:
(fontspec)             <->"[./FontFiles/WorkSansFiles/WorkSans-ExtraBold.ttf]/OT:script=latn;language=dflt;mapping=tex-text;"
(fontspec)             - 'slanted small caps'  (m/scsl) with NFSS spec.:
(fontspec)             <->"[./FontFiles/WorkSansFiles/WorkSans-ExtraBold.ttf]/OT:script=latn;language=dflt;+smcp;mapping=tex-text;"
(fontspec)             - 'bold italic' (b/it) with NFSS spec.:
(fontspec)             <->"[./FontFiles/WorkSansFiles/WorkSans-BoldItalic.ttf]/OT:script=latn;language=dflt;mapping=tex-text;"
(fontspec)             - 'bold italic small caps'  (b/scit) with NFSS spec.:
(fontspec)             <->"[./FontFiles/WorkSansFiles/WorkSans-BoldItalic.ttf]/OT:script=latn;language=dflt;+smcp;mapping=tex-text;"

) (./Preamble/colors.tex) (./Preamble/pageGraphics.tex) (./Preamble/styling.tex) (c:/texlive/2025/texmf-dist/tex/latex/colortbl/colortbl.sty
Package: colortbl 2024/10/29 v1.0k Color table columns (DPC)
 (c:/texlive/2025/texmf-dist/tex/latex/tools/array.sty
Package: array 2025/06/08 v2.6j Tabular extension package (FMi)
\col@sep=\dimen273
\ar@mcellbox=\box65
\extrarowheight=\dimen274
\NC@list=\toks33
\extratabsurround=\skip67
\backup@length=\skip68
\ar@cellbox=\box66
)
\everycr=\toks34
\minrowclearance=\skip69
\rownum=\count318
)) (./main.aux)
\openout1 = `main.aux'.

LaTeX Font Info:    Checking defaults for OML/cmm/m/it on input line 4.
LaTeX Font Info:    ... okay on input line 4.
LaTeX Font Info:    Checking defaults for OMS/cmsy/m/n on input line 4.
LaTeX Font Info:    ... okay on input line 4.
LaTeX Font Info:    Checking defaults for OT1/cmr/m/n on input line 4.
LaTeX Font Info:    ... okay on input line 4.
LaTeX Font Info:    Checking defaults for T1/cmr/m/n on input line 4.
LaTeX Font Info:    ... okay on input line 4.
LaTeX Font Info:    Checking defaults for TS1/cmr/m/n on input line 4.
LaTeX Font Info:    ... okay on input line 4.
LaTeX Font Info:    Checking defaults for TU/lmr/m/n on input line 4.
LaTeX Font Info:    ... okay on input line 4.
LaTeX Font Info:    Checking defaults for OMX/cmex/m/n on input line 4.
LaTeX Font Info:    ... okay on input line 4.
LaTeX Font Info:    Checking defaults for U/cmr/m/n on input line 4.
LaTeX Font Info:    ... okay on input line 4.

*geometry* driver: auto-detecting
*geometry* detected driver: xetex
*geometry* verbose mode - [ preamble ] result:
* driver: xetex
* paper: a4paper
* layout: <same size as paper>
* layoutoffset:(h,v)=(0.0pt,0.0pt)
* modes: 
* h-part:(L,W,R)=(28.45274pt, 540.60239pt, 28.45274pt)
* v-part:(T,H,B)=(42.67912pt, 759.6886pt, 42.67912pt)
* \paperwidth=597.50787pt
* \paperheight=845.04684pt
* \textwidth=540.60239pt
* \textheight=759.6886pt
* \oddsidemargin=-43.81725pt
* \evensidemargin=-43.81725pt
* \topmargin=-66.59087pt
* \headheight=56.9055pt
* \headsep=22.76219pt
* \topskip=10.0pt
* \footskip=30.0pt
* \marginparwidth=28.45274pt
* \marginparsep=11.0pt
* \columnsep=10.0pt
* \skip\footins=9.0pt plus 4.0pt minus 2.0pt
* \hoffset=0.0pt
* \voffset=0.0pt
* \mag=1000
* \@twocolumnfalse
* \@twosidefalse
* \@mparswitchfalse
* \@reversemarginfalse
* (1in=72.27pt=25.4mm, 1cm=28.453pt)


Package fontspec Info: 
(fontspec)             Adjusting the maths setup (use [no-math] to avoid
(fontspec)             this).

\symlegacymaths=\mathgroup4
LaTeX Font Info:    Overwriting symbol font `legacymaths' in version `bold'
(Font)                  OT1/cmr/m/n --> OT1/cmr/bx/n on input line 4.
LaTeX Font Info:    Redeclaring math accent \acute on input line 4.
LaTeX Font Info:    Redeclaring math accent \grave on input line 4.
LaTeX Font Info:    Redeclaring math accent \ddot on input line 4.
LaTeX Font Info:    Redeclaring math accent \tilde on input line 4.
LaTeX Font Info:    Redeclaring math accent \bar on input line 4.
LaTeX Font Info:    Redeclaring math accent \breve on input line 4.
LaTeX Font Info:    Redeclaring math accent \check on input line 4.
LaTeX Font Info:    Redeclaring math accent \hat on input line 4.
LaTeX Font Info:    Redeclaring math accent \dot on input line 4.
LaTeX Font Info:    Redeclaring math accent \mathring on input line 4.
LaTeX Font Info:    Redeclaring math symbol \colon on input line 4.
LaTeX Font Info:    Redeclaring math symbol \Gamma on input line 4.
LaTeX Font Info:    Redeclaring math symbol \Delta on input line 4.
LaTeX Font Info:    Redeclaring math symbol \Theta on input line 4.
LaTeX Font Info:    Redeclaring math symbol \Lambda on input line 4.
LaTeX Font Info:    Redeclaring math symbol \Xi on input line 4.
LaTeX Font Info:    Redeclaring math symbol \Pi on input line 4.
LaTeX Font Info:    Redeclaring math symbol \Sigma on input line 4.
LaTeX Font Info:    Redeclaring math symbol \Upsilon on input line 4.
LaTeX Font Info:    Redeclaring math symbol \Phi on input line 4.
LaTeX Font Info:    Redeclaring math symbol \Psi on input line 4.
LaTeX Font Info:    Redeclaring math symbol \Omega on input line 4.
LaTeX Font Info:    Redeclaring math symbol \mathdollar on input line 4.
LaTeX Font Info:    Redeclaring symbol font `operators' on input line 4.
LaTeX Font Info:    Encoding `OT1' has changed to `TU' for symbol font
(Font)              `operators' in the math version `normal' on input line 4.
LaTeX Font Info:    Overwriting symbol font `operators' in version `normal'
(Font)                  OT1/cmr/m/n --> TU/WorkSans(0)/m/n on input line 4.
LaTeX Font Info:    Encoding `OT1' has changed to `TU' for symbol font
(Font)              `operators' in the math version `bold' on input line 4.
LaTeX Font Info:    Overwriting symbol font `operators' in version `bold'
(Font)                  OT1/cmr/bx/n --> TU/WorkSans(0)/m/n on input line 4.
LaTeX Font Info:    Overwriting symbol font `operators' in version `normal'
(Font)                  TU/WorkSans(0)/m/n --> TU/WorkSans(0)/m/n on input line 4.
LaTeX Font Info:    Overwriting math alphabet `\mathit' in version `normal'
(Font)                  OT1/cmr/m/it --> TU/WorkSans(0)/m/it on input line 4.
LaTeX Font Info:    Overwriting math alphabet `\mathbf' in version `normal'
(Font)                  OT1/cmr/bx/n --> TU/WorkSans(0)/b/n on input line 4.
LaTeX Font Info:    Overwriting math alphabet `\mathsf' in version `normal'
(Font)                  OT1/cmss/m/n --> TU/lmss/m/n on input line 4.
LaTeX Font Info:    Overwriting math alphabet `\mathtt' in version `normal'
(Font)                  OT1/cmtt/m/n --> TU/lmtt/m/n on input line 4.
LaTeX Font Info:    Overwriting symbol font `operators' in version `bold'
(Font)                  TU/WorkSans(0)/m/n --> TU/WorkSans(0)/b/n on input line 4.
LaTeX Font Info:    Overwriting math alphabet `\mathit' in version `bold'
(Font)                  OT1/cmr/bx/it --> TU/WorkSans(0)/b/it on input line 4.
LaTeX Font Info:    Overwriting math alphabet `\mathsf' in version `bold'
(Font)                  OT1/cmss/bx/n --> TU/lmss/b/n on input line 4.
LaTeX Font Info:    Overwriting math alphabet `\mathtt' in version `bold'
(Font)                  OT1/cmtt/m/n --> TU/lmtt/b/n on input line 4.
(./Startbrev.tex
Underfull \hbox (badness 10000) in paragraph at lines 1--9

 []


Underfull \hbox (badness 10000) in paragraph at lines 1--9

 []


Underfull \hbox (badness 10000) in paragraph at lines 19--21

 []


Underfull \hbox (badness 10000) in paragraph at lines 19--21

 []



File: ./Graphics/SagalogoMedDato.png Graphic file (type bmp)
<./Graphics/SagalogoMedDato.png>
File: ./Graphics/sagaøkse.png Graphic file (type bmp)
<./Graphics/sagaøkse.png>
[1

]
Underfull \hbox (badness 10000) in paragraph at lines 46--55

 []


Underfull \hbox (badness 10000) in paragraph at lines 46--55

 []


Underfull \hbox (badness 10000) in paragraph at lines 56--66

 []


Underfull \hbox (badness 10000) in paragraph at lines 56--66

 []


Underfull \hbox (badness 10000) in paragraph at lines 56--66

 []


Underfull \hbox (badness 10000) in paragraph at lines 56--66

 []



File: ./Graphics/SagalogoMedDato.png Graphic file (type bmp)
<./Graphics/SagalogoMedDato.png>
File: ./Graphics/sagaøkse.png Graphic file (type bmp)
<./Graphics/sagaøkse.png>
[2]
Underfull \hbox (badness 10000) in paragraph at lines 67--75

 []


Underfull \hbox (badness 10000) in paragraph at lines 67--75

 []


Underfull \hbox (badness 10000) in paragraph at lines 85--87

 []


Underfull \hbox (badness 10000) in paragraph at lines 85--87

 []



File: ./Graphics/SagalogoMedDato.png Graphic file (type bmp)
<./Graphics/SagalogoMedDato.png>
File: ./Graphics/sagaøkse.png Graphic file (type bmp)
<./Graphics/sagaøkse.png>
[3]
Underfull \hbox (badness 10000) in paragraph at lines 112--121

 []


Underfull \hbox (badness 10000) in paragraph at lines 112--121

 []


Underfull \hbox (badness 10000) in paragraph at lines 122--132

 []


Underfull \hbox (badness 10000) in paragraph at lines 122--132

 []


Underfull \hbox (badness 10000) in paragraph at lines 122--132

 []


Underfull \hbox (badness 10000) in paragraph at lines 122--132

 []



File: ./Graphics/SagalogoMedDato.png Graphic file (type bmp)
<./Graphics/SagalogoMedDato.png>
File: ./Graphics/sagaøkse.png Graphic file (type bmp)
<./Graphics/sagaøkse.png>
[4]
Underfull \hbox (badness 10000) in paragraph at lines 133--141

 []


Underfull \hbox (badness 10000) in paragraph at lines 133--141

 []


Underfull \hbox (badness 10000) in paragraph at lines 151--153

 []


Underfull \hbox (badness 10000) in paragraph at lines 151--153

 []



File: ./Graphics/SagalogoMedDato.png Graphic file (type bmp)
<./Graphics/SagalogoMedDato.png>
File: ./Graphics/sagaøkse.png Graphic file (type bmp)
<./Graphics/sagaøkse.png>
[5]
Underfull \hbox (badness 10000) in paragraph at lines 178--187

 []


Underfull \hbox (badness 10000) in paragraph at lines 178--187

 []


Underfull \hbox (badness 10000) in paragraph at lines 188--198

 []


Underfull \hbox (badness 10000) in paragraph at lines 188--198

 []


Underfull \hbox (badness 10000) in paragraph at lines 188--198

 []


Underfull \hbox (badness 10000) in paragraph at lines 188--198

 []



File: ./Graphics/SagalogoMedDato.png Graphic file (type bmp)
<./Graphics/SagalogoMedDato.png>
File: ./Graphics/sagaøkse.png Graphic file (type bmp)
<./Graphics/sagaøkse.png>
[6]
Underfull \hbox (badness 10000) in paragraph at lines 199--207

 []


Underfull \hbox (badness 10000) in paragraph at lines 199--207

 []


Underfull \hbox (badness 10000) in paragraph at lines 217--219

 []


Underfull \hbox (badness 10000) in paragraph at lines 217--219

 []



File: ./Graphics/SagalogoMedDato.png Graphic file (type bmp)
<./Graphics/SagalogoMedDato.png>
File: ./Graphics/sagaøkse.png Graphic file (type bmp)
<./Graphics/sagaøkse.png>
[7]
Underfull \hbox (badness 10000) in paragraph at lines 244--253

 []


Underfull \hbox (badness 10000) in paragraph at lines 244--253

 []


Underfull \hbox (badness 10000) in paragraph at lines 254--264

 []


Underfull \hbox (badness 10000) in paragraph at lines 254--264

 []


Underfull \hbox (badness 10000) in paragraph at lines 254--264

 []


Underfull \hbox (badness 10000) in paragraph at lines 254--264

 []



File: ./Graphics/SagalogoMedDato.png Graphic file (type bmp)
<./Graphics/SagalogoMedDato.png>
File: ./Graphics/sagaøkse.png Graphic file (type bmp)
<./Graphics/sagaøkse.png>
[8]
Underfull \hbox (badness 10000) in paragraph at lines 265--273

 []


Underfull \hbox (badness 10000) in paragraph at lines 265--273

 []


Underfull \hbox (badness 10000) in paragraph at lines 283--285

 []


Underfull \hbox (badness 10000) in paragraph at lines 283--285

 []



File: ./Graphics/SagalogoMedDato.png Graphic file (type bmp)
<./Graphics/SagalogoMedDato.png>
File: ./Graphics/sagaøkse.png Graphic file (type bmp)
<./Graphics/sagaøkse.png>
[9]
Underfull \hbox (badness 10000) in paragraph at lines 310--319

 []


Underfull \hbox (badness 10000) in paragraph at lines 310--319

 []


Underfull \hbox (badness 10000) in paragraph at lines 320--330

 []


Underfull \hbox (badness 10000) in paragraph at lines 320--330

 []


Underfull \hbox (badness 10000) in paragraph at lines 320--330

 []


Underfull \hbox (badness 10000) in paragraph at lines 320--330

 []



File: ./Graphics/SagalogoMedDato.png Graphic file (type bmp)
<./Graphics/SagalogoMedDato.png>
File: ./Graphics/sagaøkse.png Graphic file (type bmp)
<./Graphics/sagaøkse.png>
[10]
Underfull \hbox (badness 10000) in paragraph at lines 331--339

 []


Underfull \hbox (badness 10000) in paragraph at lines 331--339

 []


Underfull \hbox (badness 10000) in paragraph at lines 349--351

 []


Underfull \hbox (badness 10000) in paragraph at lines 349--351

 []



File: ./Graphics/SagalogoMedDato.png Graphic file (type bmp)
<./Graphics/SagalogoMedDato.png>
File: ./Graphics/sagaøkse.png Graphic file (type bmp)
<./Graphics/sagaøkse.png>
[11]
Underfull \hbox (badness 10000) in paragraph at lines 376--385

 []


Underfull \hbox (badness 10000) in paragraph at lines 376--385

 []


Underfull \hbox (badness 10000) in paragraph at lines 386--396

 []


Underfull \hbox (badness 10000) in paragraph at lines 386--396

 []


Underfull \hbox (badness 10000) in paragraph at lines 386--396

 []


Underfull \hbox (badness 10000) in paragraph at lines 386--396

 []



File: ./Graphics/SagalogoMedDato.png Graphic file (type bmp)
<./Graphics/SagalogoMedDato.png>
File: ./Graphics/sagaøkse.png Graphic file (type bmp)
<./Graphics/sagaøkse.png>
[12]
Underfull \hbox (badness 10000) in paragraph at lines 397--405

 []


Underfull \hbox (badness 10000) in paragraph at lines 397--405

 []


Underfull \hbox (badness 10000) in paragraph at lines 415--417

 []


Underfull \hbox (badness 10000) in paragraph at lines 415--417

 []



File: ./Graphics/SagalogoMedDato.png Graphic file (type bmp)
<./Graphics/SagalogoMedDato.png>
File: ./Graphics/sagaøkse.png Graphic file (type bmp)
<./Graphics/sagaøkse.png>
[13]
Underfull \hbox (badness 10000) in paragraph at lines 442--451

 []


Underfull \hbox (badness 10000) in paragraph at lines 442--451

 []


Underfull \hbox (badness 10000) in paragraph at lines 452--462

 []


Underfull \hbox (badness 10000) in paragraph at lines 452--462

 []


Underfull \hbox (badness 10000) in paragraph at lines 452--462

 []


Underfull \hbox (badness 10000) in paragraph at lines 452--462

 []



File: ./Graphics/SagalogoMedDato.png Graphic file (type bmp)
<./Graphics/SagalogoMedDato.png>
File: ./Graphics/sagaøkse.png Graphic file (type bmp)
<./Graphics/sagaøkse.png>
[14]
Underfull \hbox (badness 10000) in paragraph at lines 463--471

 []


Underfull \hbox (badness 10000) in paragraph at lines 463--471

 []


Underfull \hbox (badness 10000) in paragraph at lines 481--483

 []


Underfull \hbox (badness 10000) in paragraph at lines 481--483

 []



File: ./Graphics/SagalogoMedDato.png Graphic file (type bmp)
<./Graphics/SagalogoMedDato.png>
File: ./Graphics/sagaøkse.png Graphic file (type bmp)
<./Graphics/sagaøkse.png>
[15]
Underfull \hbox (badness 10000) in paragraph at lines 508--517

 []


Underfull \hbox (badness 10000) in paragraph at lines 508--517

 []


Underfull \hbox (badness 10000) in paragraph at lines 518--528

 []


Underfull \hbox (badness 10000) in paragraph at lines 518--528

 []


Underfull \hbox (badness 10000) in paragraph at lines 518--528

 []


Underfull \hbox (badness 10000) in paragraph at lines 518--528

 []



File: ./Graphics/SagalogoMedDato.png Graphic file (type bmp)
<./Graphics/SagalogoMedDato.png>
File: ./Graphics/sagaøkse.png Graphic file (type bmp)
<./Graphics/sagaøkse.png>
[16]
Underfull \hbox (badness 10000) in paragraph at lines 529--537

 []


Underfull \hbox (badness 10000) in paragraph at lines 529--537

 []


Underfull \hbox (badness 10000) in paragraph at lines 547--549

 []


Underfull \hbox (badness 10000) in paragraph at lines 547--549

 []



File: ./Graphics/SagalogoMedDato.png Graphic file (type bmp)
<./Graphics/SagalogoMedDato.png>
File: ./Graphics/sagaøkse.png Graphic file (type bmp)
<./Graphics/sagaøkse.png>
[17]
Underfull \hbox (badness 10000) in paragraph at lines 574--583

 []


Underfull \hbox (badness 10000) in paragraph at lines 574--583

 []


Underfull \hbox (badness 10000) in paragraph at lines 584--594

 []


Underfull \hbox (badness 10000) in paragraph at lines 584--594

 []


Underfull \hbox (badness 10000) in paragraph at lines 584--594

 []


Underfull \hbox (badness 10000) in paragraph at lines 584--594

 []



File: ./Graphics/SagalogoMedDato.png Graphic file (type bmp)
<./Graphics/SagalogoMedDato.png>
File: ./Graphics/sagaøkse.png Graphic file (type bmp)
<./Graphics/sagaøkse.png>
[18]
Underfull \hbox (badness 10000) in paragraph at lines 595--603

 []


Underfull \hbox (badness 10000) in paragraph at lines 595--603

 []


Underfull \hbox (badness 10000) in paragraph at lines 613--615

 []


Underfull \hbox (badness 10000) in paragraph at lines 613--615

 []



File: ./Graphics/SagalogoMedDato.png Graphic file (type bmp)
<./Graphics/SagalogoMedDato.png>
File: ./Graphics/sagaøkse.png Graphic file (type bmp)
<./Graphics/sagaøkse.png>
[19]
Underfull \hbox (badness 10000) in paragraph at lines 640--649

 []


Underfull \hbox (badness 10000) in paragraph at lines 640--649

 []


Underfull \hbox (badness 10000) in paragraph at lines 650--660

 []


Underfull \hbox (badness 10000) in paragraph at lines 650--660

 []


Underfull \hbox (badness 10000) in paragraph at lines 650--660

 []


Underfull \hbox (badness 10000) in paragraph at lines 650--660

 []



File: ./Graphics/SagalogoMedDato.png Graphic file (type bmp)
<./Graphics/SagalogoMedDato.png>
File: ./Graphics/sagaøkse.png Graphic file (type bmp)
<./Graphics/sagaøkse.png>
[20]
Underfull \hbox (badness 10000) in paragraph at lines 661--669

 []


Underfull \hbox (badness 10000) in paragraph at lines 661--669

 []


Underfull \hbox (badness 10000) in paragraph at lines 679--681

 []


Underfull \hbox (badness 10000) in paragraph at lines 679--681

 []



File: ./Graphics/SagalogoMedDato.png Graphic file (type bmp)
<./Graphics/SagalogoMedDato.png>
File: ./Graphics/sagaøkse.png Graphic file (type bmp)
<./Graphics/sagaøkse.png>
[21]
Underfull \hbox (badness 10000) in paragraph at lines 706--715

 []


Underfull \hbox (badness 10000) in paragraph at lines 706--715

 []


Underfull \hbox (badness 10000) in paragraph at lines 716--726

 []


Underfull \hbox (badness 10000) in paragraph at lines 716--726

 []


Underfull \hbox (badness 10000) in paragraph at lines 716--726

 []


Underfull \hbox (badness 10000) in paragraph at lines 716--726

 []



File: ./Graphics/SagalogoMedDato.png Graphic file (type bmp)
<./Graphics/SagalogoMedDato.png>
File: ./Graphics/sagaøkse.png Graphic file (type bmp)
<./Graphics/sagaøkse.png>
[22]
Underfull \hbox (badness 10000) in paragraph at lines 727--735

 []


Underfull \hbox (badness 10000) in paragraph at lines 727--735

 []


Underfull \hbox (badness 10000) in paragraph at lines 745--747

 []


Underfull \hbox (badness 10000) in paragraph at lines 745--747

 []



File: ./Graphics/SagalogoMedDato.png Graphic file (type bmp)
<./Graphics/SagalogoMedDato.png>
File: ./Graphics/sagaøkse.png Graphic file (type bmp)
<./Graphics/sagaøkse.png>
[23]
Underfull \hbox (badness 10000) in paragraph at lines 772--781

 []


Underfull \hbox (badness 10000) in paragraph at lines 772--781

 []


Underfull \hbox (badness 10000) in paragraph at lines 782--792

 []


Underfull \hbox (badness 10000) in paragraph at lines 782--792

 []


Underfull \hbox (badness 10000) in paragraph at lines 782--792

 []


Underfull \hbox (badness 10000) in paragraph at lines 782--792

 []



File: ./Graphics/SagalogoMedDato.png Graphic file (type bmp)
<./Graphics/SagalogoMedDato.png>
File: ./Graphics/sagaøkse.png Graphic file (type bmp)
<./Graphics/sagaøkse.png>
[24]
Underfull \hbox (badness 10000) in paragraph at lines 793--801

 []


Underfull \hbox (badness 10000) in paragraph at lines 793--801

 []


Underfull \hbox (badness 10000) in paragraph at lines 811--813

 []


Underfull \hbox (badness 10000) in paragraph at lines 811--813

 []



File: ./Graphics/SagalogoMedDato.png Graphic file (type bmp)
<./Graphics/SagalogoMedDato.png>
File: ./Graphics/sagaøkse.png Graphic file (type bmp)
<./Graphics/sagaøkse.png>
[25]
Underfull \hbox (badness 10000) in paragraph at lines 838--847

 []


Underfull \hbox (badness 10000) in paragraph at lines 838--847

 []


Underfull \hbox (badness 10000) in paragraph at lines 848--858

 []


Underfull \hbox (badness 10000) in paragraph at lines 848--858

 []


Underfull \hbox (badness 10000) in paragraph at lines 848--858

 []


Underfull \hbox (badness 10000) in paragraph at lines 848--858

 []



File: ./Graphics/SagalogoMedDato.png Graphic file (type bmp)
<./Graphics/SagalogoMedDato.png>
File: ./Graphics/sagaøkse.png Graphic file (type bmp)
<./Graphics/sagaøkse.png>
[26]
Underfull \hbox (badness 10000) in paragraph at lines 859--867

 []


Underfull \hbox (badness 10000) in paragraph at lines 859--867

 []


Underfull \hbox (badness 10000) in paragraph at lines 877--879

 []


Underfull \hbox (badness 10000) in paragraph at lines 877--879

 []



File: ./Graphics/SagalogoMedDato.png Graphic file (type bmp)
<./Graphics/SagalogoMedDato.png>
File: ./Graphics/sagaøkse.png Graphic file (type bmp)
<./Graphics/sagaøkse.png>
[27]
Underfull \hbox (badness 10000) in paragraph at lines 904--913

 []


Underfull \hbox (badness 10000) in paragraph at lines 904--913

 []


Underfull \hbox (badness 10000) in paragraph at lines 914--924

 []


Underfull \hbox (badness 10000) in paragraph at lines 914--924

 []


Underfull \hbox (badness 10000) in paragraph at lines 914--924

 []


Underfull \hbox (badness 10000) in paragraph at lines 914--924

 []



File: ./Graphics/SagalogoMedDato.png Graphic file (type bmp)
<./Graphics/SagalogoMedDato.png>
File: ./Graphics/sagaøkse.png Graphic file (type bmp)
<./Graphics/sagaøkse.png>
[28]
Underfull \hbox (badness 10000) in paragraph at lines 925--933

 []


Underfull \hbox (badness 10000) in paragraph at lines 925--933

 []


Underfull \hbox (badness 10000) in paragraph at lines 943--945

 []


Underfull \hbox (badness 10000) in paragraph at lines 943--945

 []



File: ./Graphics/SagalogoMedDato.png Graphic file (type bmp)
<./Graphics/SagalogoMedDato.png>
File: ./Graphics/sagaøkse.png Graphic file (type bmp)
<./Graphics/sagaøkse.png>
[29]
Underfull \hbox (badness 10000) in paragraph at lines 970--979

 []


Underfull \hbox (badness 10000) in paragraph at lines 970--979

 []


Underfull \hbox (badness 10000) in paragraph at lines 980--990

 []


Underfull \hbox (badness 10000) in paragraph at lines 980--990

 []


Underfull \hbox (badness 10000) in paragraph at lines 980--990

 []


Underfull \hbox (badness 10000) in paragraph at lines 980--990

 []



File: ./Graphics/SagalogoMedDato.png Graphic file (type bmp)
<./Graphics/SagalogoMedDato.png>
File: ./Graphics/sagaøkse.png Graphic file (type bmp)
<./Graphics/sagaøkse.png>
[30]
Underfull \hbox (badness 10000) in paragraph at lines 991--999

 []


Underfull \hbox (badness 10000) in paragraph at lines 991--999

 []


Underfull \hbox (badness 10000) in paragraph at lines 1009--1011

 []


Underfull \hbox (badness 10000) in paragraph at lines 1009--1011

 []



File: ./Graphics/SagalogoMedDato.png Graphic file (type bmp)
<./Graphics/SagalogoMedDato.png>
File: ./Graphics/sagaøkse.png Graphic file (type bmp)
<./Graphics/sagaøkse.png>
[31]
Underfull \hbox (badness 10000) in paragraph at lines 1036--1045

 []


Underfull \hbox (badness 10000) in paragraph at lines 1036--1045

 []


Underfull \hbox (badness 10000) in paragraph at lines 1046--1056

 []


Underfull \hbox (badness 10000) in paragraph at lines 1046--1056

 []


Underfull \hbox (badness 10000) in paragraph at lines 1046--1056

 []


Underfull \hbox (badness 10000) in paragraph at lines 1046--1056

 []



File: ./Graphics/SagalogoMedDato.png Graphic file (type bmp)
<./Graphics/SagalogoMedDato.png>
File: ./Graphics/sagaøkse.png Graphic file (type bmp)
<./Graphics/sagaøkse.png>
[32]
Underfull \hbox (badness 10000) in paragraph at lines 1057--1065

 []


Underfull \hbox (badness 10000) in paragraph at lines 1057--1065

 []


Underfull \hbox (badness 10000) in paragraph at lines 1075--1077

 []


Underfull \hbox (badness 10000) in paragraph at lines 1075--1077

 []



File: ./Graphics/SagalogoMedDato.png Graphic file (type bmp)
<./Graphics/SagalogoMedDato.png>
File: ./Graphics/sagaøkse.png Graphic file (type bmp)
<./Graphics/sagaøkse.png>
[33]
Underfull \hbox (badness 10000) in paragraph at lines 1102--1111

 []


Underfull \hbox (badness 10000) in paragraph at lines 1102--1111

 []


Underfull \hbox (badness 10000) in paragraph at lines 1112--1122

 []


Underfull \hbox (badness 10000) in paragraph at lines 1112--1122

 []


Underfull \hbox (badness 10000) in paragraph at lines 1112--1122

 []


Underfull \hbox (badness 10000) in paragraph at lines 1112--1122

 []



File: ./Graphics/SagalogoMedDato.png Graphic file (type bmp)
<./Graphics/SagalogoMedDato.png>
File: ./Graphics/sagaøkse.png Graphic file (type bmp)
<./Graphics/sagaøkse.png>
[34]
Underfull \hbox (badness 10000) in paragraph at lines 1123--1131

 []


Underfull \hbox (badness 10000) in paragraph at lines 1123--1131

 []


Underfull \hbox (badness 10000) in paragraph at lines 1141--1143

 []


Underfull \hbox (badness 10000) in paragraph at lines 1141--1143

 []



File: ./Graphics/SagalogoMedDato.png Graphic file (type bmp)
<./Graphics/SagalogoMedDato.png>
File: ./Graphics/sagaøkse.png Graphic file (type bmp)
<./Graphics/sagaøkse.png>
[35]
Underfull \hbox (badness 10000) in paragraph at lines 1168--1177

 []


Underfull \hbox (badness 10000) in paragraph at lines 1168--1177

 []


Underfull \hbox (badness 10000) in paragraph at lines 1178--1188

 []


Underfull \hbox (badness 10000) in paragraph at lines 1178--1188

 []


Underfull \hbox (badness 10000) in paragraph at lines 1178--1188

 []


Underfull \hbox (badness 10000) in paragraph at lines 1178--1188

 []



File: ./Graphics/SagalogoMedDato.png Graphic file (type bmp)
<./Graphics/SagalogoMedDato.png>
File: ./Graphics/sagaøkse.png Graphic file (type bmp)
<./Graphics/sagaøkse.png>
[36]
Underfull \hbox (badness 10000) in paragraph at lines 1189--1197

 []


Underfull \hbox (badness 10000) in paragraph at lines 1189--1197

 []


Underfull \hbox (badness 10000) in paragraph at lines 1207--1209

 []


Underfull \hbox (badness 10000) in paragraph at lines 1207--1209

 []



File: ./Graphics/SagalogoMedDato.png Graphic file (type bmp)
<./Graphics/SagalogoMedDato.png>
File: ./Graphics/sagaøkse.png Graphic file (type bmp)
<./Graphics/sagaøkse.png>
[37]
Underfull \hbox (badness 10000) in paragraph at lines 1234--1243

 []


Underfull \hbox (badness 10000) in paragraph at lines 1234--1243

 []


Underfull \hbox (badness 10000) in paragraph at lines 1244--1254

 []


Underfull \hbox (badness 10000) in paragraph at lines 1244--1254

 []


Underfull \hbox (badness 10000) in paragraph at lines 1244--1254

 []


Underfull \hbox (badness 10000) in paragraph at lines 1244--1254

 []



File: ./Graphics/SagalogoMedDato.png Graphic file (type bmp)
<./Graphics/SagalogoMedDato.png>
File: ./Graphics/sagaøkse.png Graphic file (type bmp)
<./Graphics/sagaøkse.png>
[38]
Underfull \hbox (badness 10000) in paragraph at lines 1255--1263

 []


Underfull \hbox (badness 10000) in paragraph at lines 1255--1263

 []


Underfull \hbox (badness 10000) in paragraph at lines 1273--1275

 []


Underfull \hbox (badness 10000) in paragraph at lines 1273--1275

 []



File: ./Graphics/SagalogoMedDato.png Graphic file (type bmp)
<./Graphics/SagalogoMedDato.png>
File: ./Graphics/sagaøkse.png Graphic file (type bmp)
<./Graphics/sagaøkse.png>
[39]
Underfull \hbox (badness 10000) in paragraph at lines 1300--1309

 []


Underfull \hbox (badness 10000) in paragraph at lines 1300--1309

 []


Underfull \hbox (badness 10000) in paragraph at lines 1310--1320

 []


Underfull \hbox (badness 10000) in paragraph at lines 1310--1320

 []


Underfull \hbox (badness 10000) in paragraph at lines 1310--1320

 []


Underfull \hbox (badness 10000) in paragraph at lines 1310--1320

 []



File: ./Graphics/SagalogoMedDato.png Graphic file (type bmp)
<./Graphics/SagalogoMedDato.png>
File: ./Graphics/sagaøkse.png Graphic file (type bmp)
<./Graphics/sagaøkse.png>
[40]
Underfull \hbox (badness 10000) in paragraph at lines 1321--1329

 []


Underfull \hbox (badness 10000) in paragraph at lines 1321--1329

 []


Underfull \hbox (badness 10000) in paragraph at lines 1339--1341

 []


Underfull \hbox (badness 10000) in paragraph at lines 1339--1341

 []



File: ./Graphics/SagalogoMedDato.png Graphic file (type bmp)
<./Graphics/SagalogoMedDato.png>
File: ./Graphics/sagaøkse.png Graphic file (type bmp)
<./Graphics/sagaøkse.png>
[41]
Underfull \hbox (badness 10000) in paragraph at lines 1366--1375

 []


Underfull \hbox (badness 10000) in paragraph at lines 1366--1375

 []


Underfull \hbox (badness 10000) in paragraph at lines 1376--1386

 []


Underfull \hbox (badness 10000) in paragraph at lines 1376--1386

 []


Underfull \hbox (badness 10000) in paragraph at lines 1376--1386

 []


Underfull \hbox (badness 10000) in paragraph at lines 1376--1386

 []



File: ./Graphics/SagalogoMedDato.png Graphic file (type bmp)
<./Graphics/SagalogoMedDato.png>
File: ./Graphics/sagaøkse.png Graphic file (type bmp)
<./Graphics/sagaøkse.png>
[42]
Underfull \hbox (badness 10000) in paragraph at lines 1387--1395

 []


Underfull \hbox (badness 10000) in paragraph at lines 1387--1395

 []


Underfull \hbox (badness 10000) in paragraph at lines 1405--1407

 []


Underfull \hbox (badness 10000) in paragraph at lines 1405--1407

 []



File: ./Graphics/SagalogoMedDato.png Graphic file (type bmp)
<./Graphics/SagalogoMedDato.png>
File: ./Graphics/sagaøkse.png Graphic file (type bmp)
<./Graphics/sagaøkse.png>
[43]
Underfull \hbox (badness 10000) in paragraph at lines 1432--1441

 []


Underfull \hbox (badness 10000) in paragraph at lines 1432--1441

 []


Underfull \hbox (badness 10000) in paragraph at lines 1442--1452

 []


Underfull \hbox (badness 10000) in paragraph at lines 1442--1452

 []


Underfull \hbox (badness 10000) in paragraph at lines 1442--1452

 []


Underfull \hbox (badness 10000) in paragraph at lines 1442--1452

 []



File: ./Graphics/SagalogoMedDato.png Graphic file (type bmp)
<./Graphics/SagalogoMedDato.png>
File: ./Graphics/sagaøkse.png Graphic file (type bmp)
<./Graphics/sagaøkse.png>
[44]
Underfull \hbox (badness 10000) in paragraph at lines 1453--1461

 []


Underfull \hbox (badness 10000) in paragraph at lines 1453--1461

 []


Underfull \hbox (badness 10000) in paragraph at lines 1471--1473

 []


Underfull \hbox (badness 10000) in paragraph at lines 1471--1473

 []



File: ./Graphics/SagalogoMedDato.png Graphic file (type bmp)
<./Graphics/SagalogoMedDato.png>
File: ./Graphics/sagaøkse.png Graphic file (type bmp)
<./Graphics/sagaøkse.png>
[45]
Underfull \hbox (badness 10000) in paragraph at lines 1498--1507

 []


Underfull \hbox (badness 10000) in paragraph at lines 1498--1507

 []


Underfull \hbox (badness 10000) in paragraph at lines 1508--1518

 []


Underfull \hbox (badness 10000) in paragraph at lines 1508--1518

 []


Underfull \hbox (badness 10000) in paragraph at lines 1508--1518

 []


Underfull \hbox (badness 10000) in paragraph at lines 1508--1518

 []



File: ./Graphics/SagalogoMedDato.png Graphic file (type bmp)
<./Graphics/SagalogoMedDato.png>
File: ./Graphics/sagaøkse.png Graphic file (type bmp)
<./Graphics/sagaøkse.png>
[46]
Underfull \hbox (badness 10000) in paragraph at lines 1519--1527

 []


Underfull \hbox (badness 10000) in paragraph at lines 1519--1527

 []


Underfull \hbox (badness 10000) in paragraph at lines 1537--1539

 []


Underfull \hbox (badness 10000) in paragraph at lines 1537--1539

 []



File: ./Graphics/SagalogoMedDato.png Graphic file (type bmp)
<./Graphics/SagalogoMedDato.png>
File: ./Graphics/sagaøkse.png Graphic file (type bmp)
<./Graphics/sagaøkse.png>
[47]
Underfull \hbox (badness 10000) in paragraph at lines 1564--1573

 []


Underfull \hbox (badness 10000) in paragraph at lines 1564--1573

 []


Underfull \hbox (badness 10000) in paragraph at lines 1574--1584

 []


Underfull \hbox (badness 10000) in paragraph at lines 1574--1584

 []


Underfull \hbox (badness 10000) in paragraph at lines 1574--1584

 []


Underfull \hbox (badness 10000) in paragraph at lines 1574--1584

 []



File: ./Graphics/SagalogoMedDato.png Graphic file (type bmp)
<./Graphics/SagalogoMedDato.png>
File: ./Graphics/sagaøkse.png Graphic file (type bmp)
<./Graphics/sagaøkse.png>
[48]
Underfull \hbox (badness 10000) in paragraph at lines 1585--1593

 []


Underfull \hbox (badness 10000) in paragraph at lines 1585--1593

 []


Underfull \hbox (badness 10000) in paragraph at lines 1603--1605

 []


Underfull \hbox (badness 10000) in paragraph at lines 1603--1605

 []



File: ./Graphics/SagalogoMedDato.png Graphic file (type bmp)
<./Graphics/SagalogoMedDato.png>
File: ./Graphics/sagaøkse.png Graphic file (type bmp)
<./Graphics/sagaøkse.png>
[49]
Underfull \hbox (badness 10000) in paragraph at lines 1630--1639

 []


Underfull \hbox (badness 10000) in paragraph at lines 1630--1639

 []


Underfull \hbox (badness 10000) in paragraph at lines 1640--1650

 []


Underfull \hbox (badness 10000) in paragraph at lines 1640--1650

 []


Underfull \hbox (badness 10000) in paragraph at lines 1640--1650

 []


Underfull \hbox (badness 10000) in paragraph at lines 1640--1650

 []



File: ./Graphics/SagalogoMedDato.png Graphic file (type bmp)
<./Graphics/SagalogoMedDato.png>
File: ./Graphics/sagaøkse.png Graphic file (type bmp)
<./Graphics/sagaøkse.png>
[50]
Underfull \hbox (badness 10000) in paragraph at lines 1651--1659

 []


Underfull \hbox (badness 10000) in paragraph at lines 1651--1659

 []


Underfull \hbox (badness 10000) in paragraph at lines 1669--1671

 []


Underfull \hbox (badness 10000) in paragraph at lines 1669--1671

 []



File: ./Graphics/SagalogoMedDato.png Graphic file (type bmp)
<./Graphics/SagalogoMedDato.png>
File: ./Graphics/sagaøkse.png Graphic file (type bmp)
<./Graphics/sagaøkse.png>
[51]
Underfull \hbox (badness 10000) in paragraph at lines 1696--1705

 []


Underfull \hbox (badness 10000) in paragraph at lines 1696--1705

 []


Underfull \hbox (badness 10000) in paragraph at lines 1706--1716

 []


Underfull \hbox (badness 10000) in paragraph at lines 1706--1716

 []


Underfull \hbox (badness 10000) in paragraph at lines 1706--1716

 []


Underfull \hbox (badness 10000) in paragraph at lines 1706--1716

 []



File: ./Graphics/SagalogoMedDato.png Graphic file (type bmp)
<./Graphics/SagalogoMedDato.png>
File: ./Graphics/sagaøkse.png Graphic file (type bmp)
<./Graphics/sagaøkse.png>
[52]
Underfull \hbox (badness 10000) in paragraph at lines 1717--1725

 []


Underfull \hbox (badness 10000) in paragraph at lines 1717--1725

 []


Underfull \hbox (badness 10000) in paragraph at lines 1735--1737

 []


Underfull \hbox (badness 10000) in paragraph at lines 1735--1737

 []



File: ./Graphics/SagalogoMedDato.png Graphic file (type bmp)
<./Graphics/SagalogoMedDato.png>
File: ./Graphics/sagaøkse.png Graphic file (type bmp)
<./Graphics/sagaøkse.png>
[53]
Underfull \hbox (badness 10000) in paragraph at lines 1762--1771

 []


Underfull \hbox (badness 10000) in paragraph at lines 1762--1771

 []


Underfull \hbox (badness 10000) in paragraph at lines 1772--1782

 []


Underfull \hbox (badness 10000) in paragraph at lines 1772--1782

 []


Underfull \hbox (badness 10000) in paragraph at lines 1772--1782

 []


Underfull \hbox (badness 10000) in paragraph at lines 1772--1782

 []



File: ./Graphics/SagalogoMedDato.png Graphic file (type bmp)
<./Graphics/SagalogoMedDato.png>
File: ./Graphics/sagaøkse.png Graphic file (type bmp)
<./Graphics/sagaøkse.png>
[54]
Underfull \hbox (badness 10000) in paragraph at lines 1783--1791

 []


Underfull \hbox (badness 10000) in paragraph at lines 1783--1791

 []


Underfull \hbox (badness 10000) in paragraph at lines 1801--1806

 []


Underfull \hbox (badness 10000) in paragraph at lines 1801--1806

 []


Underfull \hbox (badness 10000) in paragraph at lines 1801--1806

 []


Underfull \hbox (badness 10000) in paragraph at lines 1801--1806

 []



File: ./Graphics/SagalogoMedDato.png Graphic file (type bmp)
<./Graphics/SagalogoMedDato.png>
File: ./Graphics/sagaøkse.png Graphic file (type bmp)
<./Graphics/sagaøkse.png>
[55]
Underfull \hbox (badness 10000) in paragraph at lines 1831--1840

 []


Underfull \hbox (badness 10000) in paragraph at lines 1831--1840

 []


Underfull \hbox (badness 10000) in paragraph at lines 1841--1851

 []


Underfull \hbox (badness 10000) in paragraph at lines 1841--1851

 []


Underfull \hbox (badness 10000) in paragraph at lines 1841--1851

 []


Underfull \hbox (badness 10000) in paragraph at lines 1841--1851

 []



File: ./Graphics/SagalogoMedDato.png Graphic file (type bmp)
<./Graphics/SagalogoMedDato.png>
File: ./Graphics/sagaøkse.png Graphic file (type bmp)
<./Graphics/sagaøkse.png>
[56]
Underfull \hbox (badness 10000) in paragraph at lines 1852--1860

 []


Underfull \hbox (badness 10000) in paragraph at lines 1852--1860

 []


Underfull \hbox (badness 10000) in paragraph at lines 1870--1875

 []


Underfull \hbox (badness 10000) in paragraph at lines 1870--1875

 []


Underfull \hbox (badness 10000) in paragraph at lines 1870--1875

 []


Underfull \hbox (badness 10000) in paragraph at lines 1870--1875

 []



File: ./Graphics/SagalogoMedDato.png Graphic file (type bmp)
<./Graphics/SagalogoMedDato.png>
File: ./Graphics/sagaøkse.png Graphic file (type bmp)
<./Graphics/sagaøkse.png>
[57]
Underfull \hbox (badness 10000) in paragraph at lines 1900--1909

 []


Underfull \hbox (badness 10000) in paragraph at lines 1900--1909

 []


Underfull \hbox (badness 10000) in paragraph at lines 1910--1920

 []


Underfull \hbox (badness 10000) in paragraph at lines 1910--1920

 []


Underfull \hbox (badness 10000) in paragraph at lines 1910--1920

 []


Underfull \hbox (badness 10000) in paragraph at lines 1910--1920

 []



File: ./Graphics/SagalogoMedDato.png Graphic file (type bmp)
<./Graphics/SagalogoMedDato.png>
File: ./Graphics/sagaøkse.png Graphic file (type bmp)
<./Graphics/sagaøkse.png>
[58]
Underfull \hbox (badness 10000) in paragraph at lines 1921--1929

 []


Underfull \hbox (badness 10000) in paragraph at lines 1921--1929

 []


Underfull \hbox (badness 10000) in paragraph at lines 1939--1944

 []


Underfull \hbox (badness 10000) in paragraph at lines 1939--1944

 []


Underfull \hbox (badness 10000) in paragraph at lines 1939--1944

 []


Underfull \hbox (badness 10000) in paragraph at lines 1939--1944

 []



File: ./Graphics/SagalogoMedDato.png Graphic file (type bmp)
<./Graphics/SagalogoMedDato.png>
File: ./Graphics/sagaøkse.png Graphic file (type bmp)
<./Graphics/sagaøkse.png>
[59]
Underfull \hbox (badness 10000) in paragraph at lines 1969--1978

 []


Underfull \hbox (badness 10000) in paragraph at lines 1969--1978

 []


Underfull \hbox (badness 10000) in paragraph at lines 1979--1989

 []


Underfull \hbox (badness 10000) in paragraph at lines 1979--1989

 []


Underfull \hbox (badness 10000) in paragraph at lines 1979--1989

 []


Underfull \hbox (badness 10000) in paragraph at lines 1979--1989

 []



File: ./Graphics/SagalogoMedDato.png Graphic file (type bmp)
<./Graphics/SagalogoMedDato.png>
File: ./Graphics/sagaøkse.png Graphic file (type bmp)
<./Graphics/sagaøkse.png>
[60]
Underfull \hbox (badness 10000) in paragraph at lines 1990--1998

 []


Underfull \hbox (badness 10000) in paragraph at lines 1990--1998

 []


Underfull \hbox (badness 10000) in paragraph at lines 2008--2013

 []


Underfull \hbox (badness 10000) in paragraph at lines 2008--2013

 []


Underfull \hbox (badness 10000) in paragraph at lines 2008--2013

 []


Underfull \hbox (badness 10000) in paragraph at lines 2008--2013

 []



File: ./Graphics/SagalogoMedDato.png Graphic file (type bmp)
<./Graphics/SagalogoMedDato.png>
File: ./Graphics/sagaøkse.png Graphic file (type bmp)
<./Graphics/sagaøkse.png>
[61]
Underfull \hbox (badness 10000) in paragraph at lines 2038--2047

 []


Underfull \hbox (badness 10000) in paragraph at lines 2038--2047

 []


Underfull \hbox (badness 10000) in paragraph at lines 2048--2058

 []


Underfull \hbox (badness 10000) in paragraph at lines 2048--2058

 []


Underfull \hbox (badness 10000) in paragraph at lines 2048--2058

 []


Underfull \hbox (badness 10000) in paragraph at lines 2048--2058

 []



File: ./Graphics/SagalogoMedDato.png Graphic file (type bmp)
<./Graphics/SagalogoMedDato.png>
File: ./Graphics/sagaøkse.png Graphic file (type bmp)
<./Graphics/sagaøkse.png>
[62]
Underfull \hbox (badness 10000) in paragraph at lines 2059--2067

 []


Underfull \hbox (badness 10000) in paragraph at lines 2059--2067

 []


Underfull \hbox (badness 10000) in paragraph at lines 2077--2082

 []


Underfull \hbox (badness 10000) in paragraph at lines 2077--2082

 []


Underfull \hbox (badness 10000) in paragraph at lines 2077--2082

 []


Underfull \hbox (badness 10000) in paragraph at lines 2077--2082

 []



File: ./Graphics/SagalogoMedDato.png Graphic file (type bmp)
<./Graphics/SagalogoMedDato.png>
File: ./Graphics/sagaøkse.png Graphic file (type bmp)
<./Graphics/sagaøkse.png>
[63]
Underfull \hbox (badness 10000) in paragraph at lines 2107--2116

 []


Underfull \hbox (badness 10000) in paragraph at lines 2107--2116

 []


Underfull \hbox (badness 10000) in paragraph at lines 2117--2127

 []


Underfull \hbox (badness 10000) in paragraph at lines 2117--2127

 []


Underfull \hbox (badness 10000) in paragraph at lines 2117--2127

 []


Underfull \hbox (badness 10000) in paragraph at lines 2117--2127

 []



File: ./Graphics/SagalogoMedDato.png Graphic file (type bmp)
<./Graphics/SagalogoMedDato.png>
File: ./Graphics/sagaøkse.png Graphic file (type bmp)
<./Graphics/sagaøkse.png>
[64]
Underfull \hbox (badness 10000) in paragraph at lines 2128--2136

 []


Underfull \hbox (badness 10000) in paragraph at lines 2128--2136

 []


Underfull \hbox (badness 10000) in paragraph at lines 2146--2151

 []


Underfull \hbox (badness 10000) in paragraph at lines 2146--2151

 []


Underfull \hbox (badness 10000) in paragraph at lines 2146--2151

 []


Underfull \hbox (badness 10000) in paragraph at lines 2146--2151

 []



File: ./Graphics/SagalogoMedDato.png Graphic file (type bmp)
<./Graphics/SagalogoMedDato.png>
File: ./Graphics/sagaøkse.png Graphic file (type bmp)
<./Graphics/sagaøkse.png>
[65]
Underfull \hbox (badness 10000) in paragraph at lines 2176--2185

 []


Underfull \hbox (badness 10000) in paragraph at lines 2176--2185

 []


Underfull \hbox (badness 10000) in paragraph at lines 2186--2196

 []


Underfull \hbox (badness 10000) in paragraph at lines 2186--2196

 []


Underfull \hbox (badness 10000) in paragraph at lines 2186--2196

 []


Underfull \hbox (badness 10000) in paragraph at lines 2186--2196

 []



File: ./Graphics/SagalogoMedDato.png Graphic file (type bmp)
<./Graphics/SagalogoMedDato.png>
File: ./Graphics/sagaøkse.png Graphic file (type bmp)
<./Graphics/sagaøkse.png>
[66]
Underfull \hbox (badness 10000) in paragraph at lines 2197--2205

 []


Underfull \hbox (badness 10000) in paragraph at lines 2197--2205

 []


Underfull \hbox (badness 10000) in paragraph at lines 2215--2220

 []


Underfull \hbox (badness 10000) in paragraph at lines 2215--2220

 []


Underfull \hbox (badness 10000) in paragraph at lines 2215--2220

 []


Underfull \hbox (badness 10000) in paragraph at lines 2215--2220

 []



File: ./Graphics/SagalogoMedDato.png Graphic file (type bmp)
<./Graphics/SagalogoMedDato.png>
File: ./Graphics/sagaøkse.png Graphic file (type bmp)
<./Graphics/sagaøkse.png>
[67]
Underfull \hbox (badness 10000) in paragraph at lines 2245--2254

 []


Underfull \hbox (badness 10000) in paragraph at lines 2245--2254

 []


Underfull \hbox (badness 10000) in paragraph at lines 2255--2265

 []


Underfull \hbox (badness 10000) in paragraph at lines 2255--2265

 []


Underfull \hbox (badness 10000) in paragraph at lines 2255--2265

 []


Underfull \hbox (badness 10000) in paragraph at lines 2255--2265

 []



File: ./Graphics/SagalogoMedDato.png Graphic file (type bmp)
<./Graphics/SagalogoMedDato.png>
File: ./Graphics/sagaøkse.png Graphic file (type bmp)
<./Graphics/sagaøkse.png>
[68]
Underfull \hbox (badness 10000) in paragraph at lines 2266--2274

 []


Underfull \hbox (badness 10000) in paragraph at lines 2266--2274

 []


Underfull \hbox (badness 10000) in paragraph at lines 2284--2289

 []


Underfull \hbox (badness 10000) in paragraph at lines 2284--2289

 []


Underfull \hbox (badness 10000) in paragraph at lines 2284--2289

 []


Underfull \hbox (badness 10000) in paragraph at lines 2284--2289

 []



File: ./Graphics/SagalogoMedDato.png Graphic file (type bmp)
<./Graphics/SagalogoMedDato.png>
File: ./Graphics/sagaøkse.png Graphic file (type bmp)
<./Graphics/sagaøkse.png>
[69]
Underfull \hbox (badness 10000) in paragraph at lines 2314--2323

 []


Underfull \hbox (badness 10000) in paragraph at lines 2314--2323

 []


Underfull \hbox (badness 10000) in paragraph at lines 2324--2334

 []


Underfull \hbox (badness 10000) in paragraph at lines 2324--2334

 []


Underfull \hbox (badness 10000) in paragraph at lines 2324--2334

 []


Underfull \hbox (badness 10000) in paragraph at lines 2324--2334

 []



File: ./Graphics/SagalogoMedDato.png Graphic file (type bmp)
<./Graphics/SagalogoMedDato.png>
File: ./Graphics/sagaøkse.png Graphic file (type bmp)
<./Graphics/sagaøkse.png>
[70]
Underfull \hbox (badness 10000) in paragraph at lines 2335--2343

 []


Underfull \hbox (badness 10000) in paragraph at lines 2335--2343

 []


Underfull \hbox (badness 10000) in paragraph at lines 2353--2358

 []


Underfull \hbox (badness 10000) in paragraph at lines 2353--2358

 []


Underfull \hbox (badness 10000) in paragraph at lines 2353--2358

 []


Underfull \hbox (badness 10000) in paragraph at lines 2353--2358

 []



File: ./Graphics/SagalogoMedDato.png Graphic file (type bmp)
<./Graphics/SagalogoMedDato.png>
File: ./Graphics/sagaøkse.png Graphic file (type bmp)
<./Graphics/sagaøkse.png>
[71]
Underfull \hbox (badness 10000) in paragraph at lines 2383--2392

 []


Underfull \hbox (badness 10000) in paragraph at lines 2383--2392

 []


Underfull \hbox (badness 10000) in paragraph at lines 2393--2403

 []


Underfull \hbox (badness 10000) in paragraph at lines 2393--2403

 []


Underfull \hbox (badness 10000) in paragraph at lines 2393--2403

 []


Underfull \hbox (badness 10000) in paragraph at lines 2393--2403

 []



File: ./Graphics/SagalogoMedDato.png Graphic file (type bmp)
<./Graphics/SagalogoMedDato.png>
File: ./Graphics/sagaøkse.png Graphic file (type bmp)
<./Graphics/sagaøkse.png>
[72]
Underfull \hbox (badness 10000) in paragraph at lines 2404--2412

 []


Underfull \hbox (badness 10000) in paragraph at lines 2404--2412

 []


Underfull \hbox (badness 10000) in paragraph at lines 2422--2427

 []


Underfull \hbox (badness 10000) in paragraph at lines 2422--2427

 []


Underfull \hbox (badness 10000) in paragraph at lines 2422--2427

 []


Underfull \hbox (badness 10000) in paragraph at lines 2422--2427

 []



File: ./Graphics/SagalogoMedDato.png Graphic file (type bmp)
<./Graphics/SagalogoMedDato.png>
File: ./Graphics/sagaøkse.png Graphic file (type bmp)
<./Graphics/sagaøkse.png>
[73]
Underfull \hbox (badness 10000) in paragraph at lines 2452--2461

 []


Underfull \hbox (badness 10000) in paragraph at lines 2452--2461

 []


Underfull \hbox (badness 10000) in paragraph at lines 2462--2472

 []


Underfull \hbox (badness 10000) in paragraph at lines 2462--2472

 []


Underfull \hbox (badness 10000) in paragraph at lines 2462--2472

 []


Underfull \hbox (badness 10000) in paragraph at lines 2462--2472

 []



File: ./Graphics/SagalogoMedDato.png Graphic file (type bmp)
<./Graphics/SagalogoMedDato.png>
File: ./Graphics/sagaøkse.png Graphic file (type bmp)
<./Graphics/sagaøkse.png>
[74]
Underfull \hbox (badness 10000) in paragraph at lines 2473--2481

 []


Underfull \hbox (badness 10000) in paragraph at lines 2473--2481

 []


Underfull \hbox (badness 10000) in paragraph at lines 2491--2496

 []


Underfull \hbox (badness 10000) in paragraph at lines 2491--2496

 []


Underfull \hbox (badness 10000) in paragraph at lines 2491--2496

 []


Underfull \hbox (badness 10000) in paragraph at lines 2491--2496

 []



File: ./Graphics/SagalogoMedDato.png Graphic file (type bmp)
<./Graphics/SagalogoMedDato.png>
File: ./Graphics/sagaøkse.png Graphic file (type bmp)
<./Graphics/sagaøkse.png>
[75]
Underfull \hbox (badness 10000) in paragraph at lines 2521--2530

 []


Underfull \hbox (badness 10000) in paragraph at lines 2521--2530

 []


Underfull \hbox (badness 10000) in paragraph at lines 2531--2541

 []


Underfull \hbox (badness 10000) in paragraph at lines 2531--2541

 []


Underfull \hbox (badness 10000) in paragraph at lines 2531--2541

 []


Underfull \hbox (badness 10000) in paragraph at lines 2531--2541

 []



File: ./Graphics/SagalogoMedDato.png Graphic file (type bmp)
<./Graphics/SagalogoMedDato.png>
File: ./Graphics/sagaøkse.png Graphic file (type bmp)
<./Graphics/sagaøkse.png>
[76]
Underfull \hbox (badness 10000) in paragraph at lines 2542--2550

 []


Underfull \hbox (badness 10000) in paragraph at lines 2542--2550

 []


Underfull \hbox (badness 10000) in paragraph at lines 2560--2565

 []


Underfull \hbox (badness 10000) in paragraph at lines 2560--2565

 []


Underfull \hbox (badness 10000) in paragraph at lines 2560--2565

 []


Underfull \hbox (badness 10000) in paragraph at lines 2560--2565

 []



File: ./Graphics/SagalogoMedDato.png Graphic file (type bmp)
<./Graphics/SagalogoMedDato.png>
File: ./Graphics/sagaøkse.png Graphic file (type bmp)
<./Graphics/sagaøkse.png>
[77]
Underfull \hbox (badness 10000) in paragraph at lines 2590--2599

 []


Underfull \hbox (badness 10000) in paragraph at lines 2590--2599

 []


Underfull \hbox (badness 10000) in paragraph at lines 2600--2610

 []


Underfull \hbox (badness 10000) in paragraph at lines 2600--2610

 []


Underfull \hbox (badness 10000) in paragraph at lines 2600--2610

 []


Underfull \hbox (badness 10000) in paragraph at lines 2600--2610

 []



File: ./Graphics/SagalogoMedDato.png Graphic file (type bmp)
<./Graphics/SagalogoMedDato.png>
File: ./Graphics/sagaøkse.png Graphic file (type bmp)
<./Graphics/sagaøkse.png>
[78]
Underfull \hbox (badness 10000) in paragraph at lines 2611--2619

 []


Underfull \hbox (badness 10000) in paragraph at lines 2611--2619

 []


Underfull \hbox (badness 10000) in paragraph at lines 2629--2634

 []


Underfull \hbox (badness 10000) in paragraph at lines 2629--2634

 []


Underfull \hbox (badness 10000) in paragraph at lines 2629--2634

 []


Underfull \hbox (badness 10000) in paragraph at lines 2629--2634

 []



File: ./Graphics/SagalogoMedDato.png Graphic file (type bmp)
<./Graphics/SagalogoMedDato.png>
File: ./Graphics/sagaøkse.png Graphic file (type bmp)
<./Graphics/sagaøkse.png>
[79]
Underfull \hbox (badness 10000) in paragraph at lines 2659--2668

 []


Underfull \hbox (badness 10000) in paragraph at lines 2659--2668

 []


Underfull \hbox (badness 10000) in paragraph at lines 2669--2679

 []


Underfull \hbox (badness 10000) in paragraph at lines 2669--2679

 []


Underfull \hbox (badness 10000) in paragraph at lines 2669--2679

 []


Underfull \hbox (badness 10000) in paragraph at lines 2669--2679

 []



File: ./Graphics/SagalogoMedDato.png Graphic file (type bmp)
<./Graphics/SagalogoMedDato.png>
File: ./Graphics/sagaøkse.png Graphic file (type bmp)
<./Graphics/sagaøkse.png>
[80]
Underfull \hbox (badness 10000) in paragraph at lines 2680--2688

 []


Underfull \hbox (badness 10000) in paragraph at lines 2680--2688

 []


Underfull \hbox (badness 10000) in paragraph at lines 2698--2703

 []


Underfull \hbox (badness 10000) in paragraph at lines 2698--2703

 []


Underfull \hbox (badness 10000) in paragraph at lines 2698--2703

 []


Underfull \hbox (badness 10000) in paragraph at lines 2698--2703

 []



File: ./Graphics/SagalogoMedDato.png Graphic file (type bmp)
<./Graphics/SagalogoMedDato.png>
File: ./Graphics/sagaøkse.png Graphic file (type bmp)
<./Graphics/sagaøkse.png>
[81]
Underfull \hbox (badness 10000) in paragraph at lines 2728--2737

 []


Underfull \hbox (badness 10000) in paragraph at lines 2728--2737

 []


Underfull \hbox (badness 10000) in paragraph at lines 2738--2748

 []


Underfull \hbox (badness 10000) in paragraph at lines 2738--2748

 []


Underfull \hbox (badness 10000) in paragraph at lines 2738--2748

 []


Underfull \hbox (badness 10000) in paragraph at lines 2738--2748

 []



File: ./Graphics/SagalogoMedDato.png Graphic file (type bmp)
<./Graphics/SagalogoMedDato.png>
File: ./Graphics/sagaøkse.png Graphic file (type bmp)
<./Graphics/sagaøkse.png>
[82]) (./main.aux)
 ***********
LaTeX2e <2025-06-01> patch level 1
L3 programming layer <2025-08-13>
 ***********
 ) 
Here is how much of TeX's memory you used:
 15585 strings out of 468441
 360140 string characters out of 5449220
 789351 words of memory out of 5000000
 43789 multiletter control sequences out of 15000+600000
 626945 words of font info for 55 fonts, out of 8000000 for 9000
 1348 hyphenation exceptions out of 8191
 94i,15n,99p,715b,824s stack positions out of 10000i,1000n,20000p,200000b,200000s

Output written on main.xdv (82 pages, 2028508 bytes).
